[2025-02-12 09:52:02] Usuario: tutu12 ha iniciado sesión.
[2025-02-12 09:53:17] Usuario: tutu12 ha iniciado sesión.
[2025-02-12 10:04:53] Nuevo usuario registrado: hector.
[2025-02-12 10:05:02] Usuario: hector ha iniciado sesión.
[2025-02-12 10:05:27] Usuario: hector ha iniciado sesión.
[2025-02-12 10:08:13] Usuario: hector ha iniciado sesión.
[2025-02-12 10:09:59] Usuario: hector ha iniciado sesión.
[2025-02-12 10:11:47] Usuario: hector ha iniciado sesión.
[2025-02-12 10:13:53] Usuario: tutu12 ha iniciado sesión.
[2025-02-12 10:14:57] Usuario: hector ha iniciado sesión.
[2025-02-12 10:16:31] Usuario: hector ha iniciado sesión.
[2025-02-12 10:17:30] Usuario: hector ha iniciado sesión.
[2025-02-12 10:19:44] Usuario: hector ha iniciado sesión.
[2025-02-12 10:20:08] Usuario: hector cerró sesión.
[2025-02-12 17:04:28] Usuario: hector ha iniciado sesión.
[2025-02-13 10:33:32] Usuario: hector cerró sesión.
[2025-02-13 10:34:55] Usuario: tutu12 ha iniciado sesión.
[2025-02-13 10:34:58] Usuario: tutu12 cerró sesión.
[2025-02-13 10:35:03] Usuario: hector ha iniciado sesión.
[2025-02-13 12:14:38] Usuario: hector cerró sesión.
[2025-02-13 12:17:14] Usuario: sara ha iniciado sesión.
[2025-02-13 17:45:48] Usuario: sara cerró sesión.
[2025-02-14 09:12:00] Usuario: hector ha iniciado sesión.
